[15-Oct-2024 08:59:36 UTC] PHP Warning:  translations_api(): An unexpected error occurred. Something may be wrong with WordPress.org or this server&#8217;s configuration. If you continue to have problems, please try the <a href="https://wordpress.org/support/forums/">support forums</a>. (WordPress could not establish a secure connection to WordPress.org. Please contact your server administrator.) in /opt/lampp/htdocs/forevent-admin/wp-includes/functions.php on line 6085
[28-Oct-2024 05:13:06 UTC] Automatic updates starting...
[28-Oct-2024 05:13:09 UTC] Automatic updates complete.
[28-Oct-2024 05:13:16 UTC] PHP Deprecated:  Function wp_update_https_detection_errors is <strong>deprecated</strong> since version 6.4.0 with no alternative available. in /opt/lampp/htdocs/forevent-admin/wp-includes/functions.php on line 6085
[05-Nov-2024 03:52:14 UTC] Automatic updates starting...
[05-Nov-2024 03:52:15 UTC]   Automatic plugin updates starting...
[05-Nov-2024 03:52:15 UTC]   Automatic plugin updates complete.
[05-Nov-2024 03:52:17 UTC] Automatic updates complete.
[05-Nov-2024 03:55:10 UTC] PHP Warning:  Attempt to read property "ID" on null in /opt/lampp/htdocs/forevent-admin/wp-content/plugins/HireHop-webshop/index.php on line 91
[05-Nov-2024 03:55:10 UTC] PHP Warning:  Attempt to read property "API_KEY" on null in /opt/lampp/htdocs/forevent-admin/wp-content/plugins/HireHop-webshop/index.php on line 92
[05-Nov-2024 03:55:10 UTC] PHP Warning:  Attempt to read property "API_URL" on null in /opt/lampp/htdocs/forevent-admin/wp-content/plugins/HireHop-webshop/index.php on line 93
[05-Nov-2024 03:56:17 UTC] PHP Warning:  Attempt to read property "ID" on null in /opt/lampp/htdocs/forevent-admin/wp-content/plugins/HireHop-webshop/index.php on line 91
[05-Nov-2024 03:56:17 UTC] PHP Warning:  Attempt to read property "API_KEY" on null in /opt/lampp/htdocs/forevent-admin/wp-content/plugins/HireHop-webshop/index.php on line 92
[05-Nov-2024 03:56:17 UTC] PHP Warning:  Attempt to read property "API_URL" on null in /opt/lampp/htdocs/forevent-admin/wp-content/plugins/HireHop-webshop/index.php on line 93
[05-Nov-2024 03:56:46 UTC] PHP Warning:  Attempt to read property "id" on array in /opt/lampp/htdocs/forevent-admin/wp-content/plugins/HireHop-webshop/product-list.php on line 65
[05-Nov-2024 03:56:46 UTC] PHP Warning:  Attempt to read property "api_key" on array in /opt/lampp/htdocs/forevent-admin/wp-content/plugins/HireHop-webshop/product-list.php on line 66
[05-Nov-2024 03:56:46 UTC] PHP Deprecated:  setcookie(): Passing null to parameter #2 ($value) of type string is deprecated in /opt/lampp/htdocs/forevent-admin/wp-content/plugins/HireHop-webshop/product-list.php on line 67
[05-Nov-2024 03:56:46 UTC] PHP Warning:  Undefined array key 0 in /opt/lampp/htdocs/forevent-admin/wp-content/plugins/HireHop-webshop/product-list.php on line 98
[05-Nov-2024 03:56:46 UTC] PHP Warning:  Attempt to read property "HEADING" on null in /opt/lampp/htdocs/forevent-admin/wp-content/plugins/HireHop-webshop/product-list.php on line 98
[05-Nov-2024 03:56:46 UTC] PHP Warning:  Object of class stdClass could not be converted to int in /opt/lampp/htdocs/forevent-admin/wp-includes/functions.php on line 5478
[05-Nov-2024 03:56:46 UTC] PHP Deprecated:  preg_replace(): Passing null to parameter #3 ($subject) of type array|string is deprecated in /opt/lampp/htdocs/forevent-admin/wp-includes/kses.php on line 1805
[05-Nov-2024 03:57:17 UTC] PHP Warning:  Attempt to read property "id" on array in /opt/lampp/htdocs/forevent-admin/wp-content/plugins/HireHop-webshop/product-list.php on line 65
[05-Nov-2024 03:57:17 UTC] PHP Warning:  Attempt to read property "api_key" on array in /opt/lampp/htdocs/forevent-admin/wp-content/plugins/HireHop-webshop/product-list.php on line 66
[05-Nov-2024 03:57:17 UTC] PHP Deprecated:  setcookie(): Passing null to parameter #2 ($value) of type string is deprecated in /opt/lampp/htdocs/forevent-admin/wp-content/plugins/HireHop-webshop/product-list.php on line 67
[05-Nov-2024 03:57:17 UTC] PHP Warning:  Undefined array key 0 in /opt/lampp/htdocs/forevent-admin/wp-content/plugins/HireHop-webshop/product-list.php on line 98
[05-Nov-2024 03:57:17 UTC] PHP Warning:  Attempt to read property "HEADING" on null in /opt/lampp/htdocs/forevent-admin/wp-content/plugins/HireHop-webshop/product-list.php on line 98
[05-Nov-2024 03:57:17 UTC] PHP Warning:  Object of class stdClass could not be converted to int in /opt/lampp/htdocs/forevent-admin/wp-includes/functions.php on line 5478
[05-Nov-2024 03:57:17 UTC] PHP Deprecated:  preg_replace(): Passing null to parameter #3 ($subject) of type array|string is deprecated in /opt/lampp/htdocs/forevent-admin/wp-includes/kses.php on line 1805
[05-Nov-2024 04:10:40 UTC] PHP Warning:  Attempt to read property "id" on array in /opt/lampp/htdocs/forevent-admin/wp-content/plugins/HireHop-webshop/product-list.php on line 65
[05-Nov-2024 04:10:40 UTC] PHP Warning:  Attempt to read property "api_key" on array in /opt/lampp/htdocs/forevent-admin/wp-content/plugins/HireHop-webshop/product-list.php on line 66
[05-Nov-2024 04:10:40 UTC] PHP Deprecated:  setcookie(): Passing null to parameter #2 ($value) of type string is deprecated in /opt/lampp/htdocs/forevent-admin/wp-content/plugins/HireHop-webshop/product-list.php on line 67
[05-Nov-2024 04:10:40 UTC] PHP Warning:  Undefined array key 0 in /opt/lampp/htdocs/forevent-admin/wp-content/plugins/HireHop-webshop/product-list.php on line 98
[05-Nov-2024 04:10:40 UTC] PHP Warning:  Attempt to read property "HEADING" on null in /opt/lampp/htdocs/forevent-admin/wp-content/plugins/HireHop-webshop/product-list.php on line 98
[05-Nov-2024 04:10:40 UTC] PHP Warning:  Object of class stdClass could not be converted to int in /opt/lampp/htdocs/forevent-admin/wp-includes/functions.php on line 5478
[05-Nov-2024 04:10:40 UTC] PHP Deprecated:  preg_replace(): Passing null to parameter #3 ($subject) of type array|string is deprecated in /opt/lampp/htdocs/forevent-admin/wp-includes/kses.php on line 1805
[05-Nov-2024 04:11:05 UTC] PHP Warning:  Attempt to read property "id" on array in /opt/lampp/htdocs/forevent-admin/wp-content/plugins/HireHop-webshop/product-list.php on line 65
[05-Nov-2024 04:11:05 UTC] PHP Warning:  Attempt to read property "api_key" on array in /opt/lampp/htdocs/forevent-admin/wp-content/plugins/HireHop-webshop/product-list.php on line 66
[05-Nov-2024 04:11:05 UTC] PHP Deprecated:  setcookie(): Passing null to parameter #2 ($value) of type string is deprecated in /opt/lampp/htdocs/forevent-admin/wp-content/plugins/HireHop-webshop/product-list.php on line 67
[05-Nov-2024 04:11:05 UTC] PHP Notice:  Function wpdb::prepare was called <strong>incorrectly</strong>. Unsupported value type (array). Please see <a href="https://developer.wordpress.org/advanced-administration/debug/debug-wordpress/">Debugging in WordPress</a> for more information. (This message was added in version 4.8.2.) in /opt/lampp/htdocs/forevent-admin/wp-includes/functions.php on line 6085
[05-Nov-2024 04:11:05 UTC] PHP Notice:  Function wpdb::prepare was called <strong>incorrectly</strong>. Unsupported value type (array). Please see <a href="https://developer.wordpress.org/advanced-administration/debug/debug-wordpress/">Debugging in WordPress</a> for more information. (This message was added in version 4.8.2.) in /opt/lampp/htdocs/forevent-admin/wp-includes/functions.php on line 6085
[05-Nov-2024 04:11:05 UTC] PHP Warning:  Object of class stdClass could not be converted to int in /opt/lampp/htdocs/forevent-admin/wp-includes/functions.php on line 5478
[05-Nov-2024 04:11:05 UTC] PHP Deprecated:  preg_replace(): Passing null to parameter #3 ($subject) of type array|string is deprecated in /opt/lampp/htdocs/forevent-admin/wp-includes/kses.php on line 1805
[05-Nov-2024 04:11:05 UTC] PHP Warning:  Attempt to read property "id" on array in /opt/lampp/htdocs/forevent-admin/wp-content/plugins/HireHop-webshop/product-list.php on line 65
[05-Nov-2024 04:11:05 UTC] PHP Warning:  Attempt to read property "api_key" on array in /opt/lampp/htdocs/forevent-admin/wp-content/plugins/HireHop-webshop/product-list.php on line 66
[05-Nov-2024 04:11:05 UTC] PHP Deprecated:  setcookie(): Passing null to parameter #2 ($value) of type string is deprecated in /opt/lampp/htdocs/forevent-admin/wp-content/plugins/HireHop-webshop/product-list.php on line 67
[05-Nov-2024 04:11:05 UTC] PHP Notice:  Function wpdb::prepare was called <strong>incorrectly</strong>. Unsupported value type (array). Please see <a href="https://developer.wordpress.org/advanced-administration/debug/debug-wordpress/">Debugging in WordPress</a> for more information. (This message was added in version 4.8.2.) in /opt/lampp/htdocs/forevent-admin/wp-includes/functions.php on line 6085
[05-Nov-2024 04:11:05 UTC] PHP Notice:  Function wpdb::prepare was called <strong>incorrectly</strong>. Unsupported value type (array). Please see <a href="https://developer.wordpress.org/advanced-administration/debug/debug-wordpress/">Debugging in WordPress</a> for more information. (This message was added in version 4.8.2.) in /opt/lampp/htdocs/forevent-admin/wp-includes/functions.php on line 6085
[05-Nov-2024 04:11:05 UTC] PHP Warning:  Object of class stdClass could not be converted to int in /opt/lampp/htdocs/forevent-admin/wp-includes/functions.php on line 5478
[05-Nov-2024 04:11:05 UTC] PHP Deprecated:  preg_replace(): Passing null to parameter #3 ($subject) of type array|string is deprecated in /opt/lampp/htdocs/forevent-admin/wp-includes/kses.php on line 1805
[05-Nov-2024 04:11:10 UTC] PHP Warning:  Attempt to read property "id" on array in /opt/lampp/htdocs/forevent-admin/wp-content/plugins/HireHop-webshop/product-list.php on line 65
[05-Nov-2024 04:11:10 UTC] PHP Warning:  Attempt to read property "api_key" on array in /opt/lampp/htdocs/forevent-admin/wp-content/plugins/HireHop-webshop/product-list.php on line 66
[05-Nov-2024 04:11:10 UTC] PHP Deprecated:  setcookie(): Passing null to parameter #2 ($value) of type string is deprecated in /opt/lampp/htdocs/forevent-admin/wp-content/plugins/HireHop-webshop/product-list.php on line 67
[05-Nov-2024 04:11:10 UTC] PHP Notice:  Function wpdb::prepare was called <strong>incorrectly</strong>. Unsupported value type (array). Please see <a href="https://developer.wordpress.org/advanced-administration/debug/debug-wordpress/">Debugging in WordPress</a> for more information. (This message was added in version 4.8.2.) in /opt/lampp/htdocs/forevent-admin/wp-includes/functions.php on line 6085
[05-Nov-2024 04:11:10 UTC] PHP Notice:  Function wpdb::prepare was called <strong>incorrectly</strong>. Unsupported value type (array). Please see <a href="https://developer.wordpress.org/advanced-administration/debug/debug-wordpress/">Debugging in WordPress</a> for more information. (This message was added in version 4.8.2.) in /opt/lampp/htdocs/forevent-admin/wp-includes/functions.php on line 6085
[05-Nov-2024 04:11:10 UTC] PHP Warning:  Object of class stdClass could not be converted to int in /opt/lampp/htdocs/forevent-admin/wp-includes/functions.php on line 5478
[05-Nov-2024 04:11:10 UTC] PHP Deprecated:  preg_replace(): Passing null to parameter #3 ($subject) of type array|string is deprecated in /opt/lampp/htdocs/forevent-admin/wp-includes/kses.php on line 1805
[05-Nov-2024 04:11:13 UTC] PHP Warning:  Attempt to read property "id" on array in /opt/lampp/htdocs/forevent-admin/wp-content/plugins/HireHop-webshop/product-list.php on line 65
[05-Nov-2024 04:11:13 UTC] PHP Warning:  Attempt to read property "api_key" on array in /opt/lampp/htdocs/forevent-admin/wp-content/plugins/HireHop-webshop/product-list.php on line 66
[05-Nov-2024 04:11:13 UTC] PHP Deprecated:  setcookie(): Passing null to parameter #2 ($value) of type string is deprecated in /opt/lampp/htdocs/forevent-admin/wp-content/plugins/HireHop-webshop/product-list.php on line 67
[05-Nov-2024 04:11:13 UTC] PHP Notice:  Function wpdb::prepare was called <strong>incorrectly</strong>. Unsupported value type (array). Please see <a href="https://developer.wordpress.org/advanced-administration/debug/debug-wordpress/">Debugging in WordPress</a> for more information. (This message was added in version 4.8.2.) in /opt/lampp/htdocs/forevent-admin/wp-includes/functions.php on line 6085
[05-Nov-2024 04:11:13 UTC] PHP Notice:  Function wpdb::prepare was called <strong>incorrectly</strong>. Unsupported value type (array). Please see <a href="https://developer.wordpress.org/advanced-administration/debug/debug-wordpress/">Debugging in WordPress</a> for more information. (This message was added in version 4.8.2.) in /opt/lampp/htdocs/forevent-admin/wp-includes/functions.php on line 6085
[05-Nov-2024 04:11:13 UTC] PHP Warning:  Object of class stdClass could not be converted to int in /opt/lampp/htdocs/forevent-admin/wp-includes/functions.php on line 5478
[05-Nov-2024 04:11:13 UTC] PHP Deprecated:  preg_replace(): Passing null to parameter #3 ($subject) of type array|string is deprecated in /opt/lampp/htdocs/forevent-admin/wp-includes/kses.php on line 1805
[05-Nov-2024 04:18:29 UTC] PHP Warning:  Attempt to read property "id" on array in /opt/lampp/htdocs/forevent-admin/wp-content/plugins/HireHop-webshop/product-list.php on line 65
[05-Nov-2024 04:18:29 UTC] PHP Warning:  Attempt to read property "api_key" on array in /opt/lampp/htdocs/forevent-admin/wp-content/plugins/HireHop-webshop/product-list.php on line 66
[05-Nov-2024 04:18:29 UTC] PHP Deprecated:  setcookie(): Passing null to parameter #2 ($value) of type string is deprecated in /opt/lampp/htdocs/forevent-admin/wp-content/plugins/HireHop-webshop/product-list.php on line 67
[05-Nov-2024 04:18:29 UTC] PHP Notice:  Function wpdb::prepare was called <strong>incorrectly</strong>. Unsupported value type (array). Please see <a href="https://developer.wordpress.org/advanced-administration/debug/debug-wordpress/">Debugging in WordPress</a> for more information. (This message was added in version 4.8.2.) in /opt/lampp/htdocs/forevent-admin/wp-includes/functions.php on line 6085
[05-Nov-2024 04:18:29 UTC] PHP Notice:  Function wpdb::prepare was called <strong>incorrectly</strong>. Unsupported value type (array). Please see <a href="https://developer.wordpress.org/advanced-administration/debug/debug-wordpress/">Debugging in WordPress</a> for more information. (This message was added in version 4.8.2.) in /opt/lampp/htdocs/forevent-admin/wp-includes/functions.php on line 6085
[05-Nov-2024 04:18:29 UTC] PHP Warning:  Object of class stdClass could not be converted to int in /opt/lampp/htdocs/forevent-admin/wp-includes/functions.php on line 5478
[05-Nov-2024 04:18:29 UTC] PHP Deprecated:  preg_replace(): Passing null to parameter #3 ($subject) of type array|string is deprecated in /opt/lampp/htdocs/forevent-admin/wp-includes/kses.php on line 1805
[05-Nov-2024 04:18:32 UTC] PHP Warning:  Attempt to read property "id" on array in /opt/lampp/htdocs/forevent-admin/wp-content/plugins/HireHop-webshop/product-list.php on line 65
[05-Nov-2024 04:18:32 UTC] PHP Warning:  Attempt to read property "api_key" on array in /opt/lampp/htdocs/forevent-admin/wp-content/plugins/HireHop-webshop/product-list.php on line 66
[05-Nov-2024 04:18:32 UTC] PHP Deprecated:  setcookie(): Passing null to parameter #2 ($value) of type string is deprecated in /opt/lampp/htdocs/forevent-admin/wp-content/plugins/HireHop-webshop/product-list.php on line 67
[05-Nov-2024 04:18:32 UTC] PHP Warning:  Undefined array key 0 in /opt/lampp/htdocs/forevent-admin/wp-content/plugins/HireHop-webshop/product-list.php on line 98
[05-Nov-2024 04:18:32 UTC] PHP Warning:  Attempt to read property "HEADING" on null in /opt/lampp/htdocs/forevent-admin/wp-content/plugins/HireHop-webshop/product-list.php on line 98
[05-Nov-2024 04:18:32 UTC] PHP Warning:  Undefined variable $cats in /opt/lampp/htdocs/forevent-admin/wp-content/plugins/HireHop-webshop/product-list.php on line 114
[05-Nov-2024 04:18:32 UTC] PHP Deprecated:  preg_replace(): Passing null to parameter #3 ($subject) of type array|string is deprecated in /opt/lampp/htdocs/forevent-admin/wp-includes/kses.php on line 1805
[05-Nov-2024 04:18:50 UTC] PHP Warning:  Attempt to read property "id" on array in /opt/lampp/htdocs/forevent-admin/wp-content/plugins/HireHop-webshop/product-list.php on line 65
[05-Nov-2024 04:18:50 UTC] PHP Warning:  Attempt to read property "api_key" on array in /opt/lampp/htdocs/forevent-admin/wp-content/plugins/HireHop-webshop/product-list.php on line 66
[05-Nov-2024 04:18:50 UTC] PHP Deprecated:  setcookie(): Passing null to parameter #2 ($value) of type string is deprecated in /opt/lampp/htdocs/forevent-admin/wp-content/plugins/HireHop-webshop/product-list.php on line 67
[05-Nov-2024 04:18:50 UTC] PHP Warning:  Undefined array key 0 in /opt/lampp/htdocs/forevent-admin/wp-content/plugins/HireHop-webshop/product-list.php on line 98
[05-Nov-2024 04:18:50 UTC] PHP Warning:  Attempt to read property "HEADING" on null in /opt/lampp/htdocs/forevent-admin/wp-content/plugins/HireHop-webshop/product-list.php on line 98
[05-Nov-2024 04:18:50 UTC] PHP Warning:  Object of class stdClass could not be converted to int in /opt/lampp/htdocs/forevent-admin/wp-includes/functions.php on line 5478
[05-Nov-2024 04:18:50 UTC] PHP Deprecated:  preg_replace(): Passing null to parameter #3 ($subject) of type array|string is deprecated in /opt/lampp/htdocs/forevent-admin/wp-includes/kses.php on line 1805
[05-Nov-2024 09:27:56 UTC] PHP Warning:  Trying to access array offset on value of type null in /opt/lampp/htdocs/forevent-admin/wp-content/plugins/custom-hirehop-integration/custom-hirehop-api.php on line 97
[05-Nov-2024 09:27:56 UTC] PHP Warning:  Trying to access array offset on value of type null in /opt/lampp/htdocs/forevent-admin/wp-content/plugins/custom-hirehop-integration/custom-hirehop-api.php on line 99
[05-Nov-2024 09:27:56 UTC] PHP Warning:  Trying to access array offset on value of type null in /opt/lampp/htdocs/forevent-admin/wp-content/plugins/custom-hirehop-integration/custom-hirehop-api.php on line 100
[05-Nov-2024 09:27:56 UTC] PHP Warning:  Trying to access array offset on value of type null in /opt/lampp/htdocs/forevent-admin/wp-content/plugins/custom-hirehop-integration/custom-hirehop-api.php on line 101
[05-Nov-2024 09:27:56 UTC] PHP Warning:  Trying to access array offset on value of type null in /opt/lampp/htdocs/forevent-admin/wp-content/plugins/custom-hirehop-integration/custom-hirehop-api.php on line 101
[05-Nov-2024 09:27:56 UTC] PHP Warning:  Trying to access array offset on value of type null in /opt/lampp/htdocs/forevent-admin/wp-content/plugins/custom-hirehop-integration/custom-hirehop-api.php on line 102
[05-Nov-2024 09:27:56 UTC] PHP Warning:  Trying to access array offset on value of type null in /opt/lampp/htdocs/forevent-admin/wp-content/plugins/custom-hirehop-integration/custom-hirehop-api.php on line 102
[05-Nov-2024 09:27:56 UTC] PHP Warning:  Trying to access array offset on value of type null in /opt/lampp/htdocs/forevent-admin/wp-content/plugins/custom-hirehop-integration/custom-hirehop-api.php on line 103
[05-Nov-2024 09:27:56 UTC] PHP Deprecated:  strlen(): Passing null to parameter #1 ($string) of type string is deprecated in /opt/lampp/htdocs/forevent-admin/wp-includes/formatting.php on line 3759
[05-Nov-2024 09:27:56 UTC] PHP Warning:  Trying to access array offset on value of type null in /opt/lampp/htdocs/forevent-admin/wp-content/plugins/custom-hirehop-integration/custom-hirehop-api.php on line 104
[05-Nov-2024 09:27:56 UTC] PHP Warning:  Trying to access array offset on value of type null in /opt/lampp/htdocs/forevent-admin/wp-content/plugins/custom-hirehop-integration/custom-hirehop-api.php on line 105
[05-Nov-2024 09:27:56 UTC] PHP Warning:  Trying to access array offset on value of type null in /opt/lampp/htdocs/forevent-admin/wp-content/plugins/custom-hirehop-integration/custom-hirehop-api.php on line 106
[05-Nov-2024 09:27:56 UTC] PHP Warning:  Trying to access array offset on value of type null in /opt/lampp/htdocs/forevent-admin/wp-content/plugins/custom-hirehop-integration/custom-hirehop-api.php on line 107
[05-Nov-2024 09:27:56 UTC] PHP Warning:  Trying to access array offset on value of type null in /opt/lampp/htdocs/forevent-admin/wp-content/plugins/custom-hirehop-integration/custom-hirehop-api.php on line 108
[05-Nov-2024 09:55:40 UTC] PHP Warning:  Undefined array key "productId" in /opt/lampp/htdocs/forevent-admin/wp-content/plugins/custom-hirehop-integration/custom-hirehop-api.php on line 106
[05-Nov-2024 09:55:40 UTC] PHP Warning:  Undefined array key "productId" in /opt/lampp/htdocs/forevent-admin/wp-content/plugins/custom-hirehop-integration/custom-hirehop-api.php on line 106
[05-Nov-2024 09:55:40 UTC] PHP Warning:  Undefined array key "productId" in /opt/lampp/htdocs/forevent-admin/wp-content/plugins/custom-hirehop-integration/custom-hirehop-api.php on line 106
[05-Nov-2024 10:04:17 UTC] Automatic updates starting...
[05-Nov-2024 10:04:17 UTC]   Automatic plugin updates starting...
[05-Nov-2024 10:04:17 UTC]     Upgrading plugin 'advanced-custom-fields-pro'...
[05-Nov-2024 10:04:17 UTC]     Plugin 'advanced-custom-fields-pro' has been upgraded.
[05-Nov-2024 10:04:19 UTC]     Scraping home page...
[05-Nov-2024 10:04:19 UTC] '###### wp_scraping_result_start:35c006aeeb5368d039f6a092b00a2eca ######
true
###### wp_scraping_result_end:35c006aeeb5368d039f6a092b00a2eca ######
'
[05-Nov-2024 10:04:19 UTC]     The update for 'advanced-custom-fields-pro' has no fatal errors.
[05-Nov-2024 10:04:19 UTC]   Automatic plugin updates complete.
[05-Nov-2024 10:04:21 UTC] Automatic updates complete.
[05-Nov-2024 10:23:49 UTC] PHP Warning:  Undefined array key "productId" in /opt/lampp/htdocs/forevent-admin/wp-content/plugins/custom-hirehop-integration/custom-hirehop-api.php on line 106
[05-Nov-2024 10:23:49 UTC] PHP Warning:  Undefined array key "productId" in /opt/lampp/htdocs/forevent-admin/wp-content/plugins/custom-hirehop-integration/custom-hirehop-api.php on line 106
[05-Nov-2024 10:23:49 UTC] PHP Warning:  Undefined array key "productId" in /opt/lampp/htdocs/forevent-admin/wp-content/plugins/custom-hirehop-integration/custom-hirehop-api.php on line 106
[06-Nov-2024 07:43:42 UTC] Automatic updates starting...
[06-Nov-2024 07:43:43 UTC]   Automatic plugin updates starting...
[06-Nov-2024 07:43:43 UTC]     Upgrading plugin 'advanced-custom-fields-pro'...
[06-Nov-2024 07:43:43 UTC]     Plugin 'advanced-custom-fields-pro' has been upgraded.
[06-Nov-2024 07:43:45 UTC]     Scraping home page...
[06-Nov-2024 07:43:45 UTC] '###### wp_scraping_result_start:dd3d10c69e08ef9520a4e4e36d64257a ######
true
###### wp_scraping_result_end:dd3d10c69e08ef9520a4e4e36d64257a ######
'
[06-Nov-2024 07:43:45 UTC]     The update for 'advanced-custom-fields-pro' has no fatal errors.
[06-Nov-2024 07:43:45 UTC]   Automatic plugin updates complete.
[06-Nov-2024 07:43:46 UTC] Automatic updates complete.
[06-Nov-2024 08:13:10 UTC] PHP Warning:  Undefined array key "ID" in /opt/lampp/htdocs/forevent-admin/wp-content/plugins/custom-hirehop-integration/custom-hirehop-api.php on line 143
[06-Nov-2024 08:13:10 UTC] PHP Warning:  Undefined array key "ID" in /opt/lampp/htdocs/forevent-admin/wp-content/plugins/custom-hirehop-integration/custom-hirehop-api.php on line 149
[06-Nov-2024 08:13:10 UTC] PHP Warning:  Undefined array key "email" in /opt/lampp/htdocs/forevent-admin/wp-content/plugins/custom-hirehop-integration/custom-hirehop-api.php on line 158
[06-Nov-2024 11:01:20 UTC] PHP Warning:  Undefined array key "company" in /opt/lampp/htdocs/forevent-admin/wp-content/plugins/custom-hirehop-integration/custom-hirehop-api.php on line 114
[06-Nov-2024 11:01:20 UTC] PHP Warning:  Undefined array key "address" in /opt/lampp/htdocs/forevent-admin/wp-content/plugins/custom-hirehop-integration/custom-hirehop-api.php on line 115
[06-Nov-2024 11:01:20 UTC] PHP Warning:  Undefined array key "postcode" in /opt/lampp/htdocs/forevent-admin/wp-content/plugins/custom-hirehop-integration/custom-hirehop-api.php on line 115
[06-Nov-2024 11:01:20 UTC] PHP Warning:  Undefined array key "email" in /opt/lampp/htdocs/forevent-admin/wp-content/plugins/custom-hirehop-integration/custom-hirehop-api.php on line 116
[06-Nov-2024 11:01:20 UTC] PHP Deprecated:  strlen(): Passing null to parameter #1 ($string) of type string is deprecated in /opt/lampp/htdocs/forevent-admin/wp-includes/formatting.php on line 3759
[06-Nov-2024 11:01:20 UTC] PHP Warning:  Undefined array key "mobile" in /opt/lampp/htdocs/forevent-admin/wp-content/plugins/custom-hirehop-integration/custom-hirehop-api.php on line 117
[06-Nov-2024 11:01:21 UTC] API response: {"success":true,"info":{"url":"https:\/\/myhirehop.com\/plugins\/_webshop\/save_job.php?key=","content_type":"application\/json; charset=utf-8","http_code":200,"header_size":554,"request_size":176,"filetime":-1,"ssl_verify_result":0,"redirect_count":0,"total_time":0.236272,"namelookup_time":0.035824,"connect_time":0.041697,"pretransfer_time":0.101821,"size_upload":274,"size_download":53,"speed_download":224,"speed_upload":1159,"download_content_length":53,"upload_content_length":274,"starttransfer_time":0.101825,"redirect_time":0,"redirect_url":"","primary_ip":"3.163.24.64","certinfo":[],"primary_port":443,"local_ip":"172.31.29.239","local_port":51148,"http_version":3,"protocol":2,"ssl_verifyresult":0,"scheme":"HTTPS","appconnect_time_us":101749,"connect_time_us":41697,"namelookup_time_us":35824,"pretransfer_time_us":101821,"redirect_time_us":0,"starttransfer_time_us":101825,"total_time_us":236272,"effective_method":"POST"},"rt":"{\"error\":\"Contact HireHop (billing_job_total) [753]\"}"}
[06-Nov-2024 11:01:21 UTC] PHP Warning:  Undefined array key "email" in /opt/lampp/htdocs/forevent-admin/wp-content/plugins/custom-hirehop-integration/custom-hirehop-api.php on line 144
[06-Nov-2024 11:01:21 UTC] PHP Warning:  Undefined array key "ID" in /opt/lampp/htdocs/forevent-admin/wp-content/plugins/custom-hirehop-integration/custom-hirehop-api.php on line 145
[06-Nov-2024 11:01:21 UTC] PHP Warning:  Undefined array key "ID" in /opt/lampp/htdocs/forevent-admin/wp-content/plugins/custom-hirehop-integration/custom-hirehop-api.php on line 151
[06-Nov-2024 11:01:21 UTC] PHP Warning:  Undefined array key "email" in /opt/lampp/htdocs/forevent-admin/wp-content/plugins/custom-hirehop-integration/custom-hirehop-api.php on line 160
[06-Nov-2024 11:01:21 UTC] PHP Deprecated:  explode(): Passing null to parameter #2 ($string) of type string is deprecated in /opt/lampp/htdocs/forevent-admin/wp-includes/pluggable.php on line 225
[06-Nov-2024 11:01:25 UTC] Automatic updates starting...
[06-Nov-2024 11:01:27 UTC]   Automatic plugin updates starting...
[06-Nov-2024 11:01:27 UTC]     Upgrading plugin 'advanced-custom-fields-pro'...
[06-Nov-2024 11:01:27 UTC]     Plugin 'advanced-custom-fields-pro' has been upgraded.
[06-Nov-2024 11:01:29 UTC]     Scraping home page...
[06-Nov-2024 11:01:29 UTC] '###### wp_scraping_result_start:a69052adf2fa5b4d81d67820a8d990f7 ######
true
###### wp_scraping_result_end:a69052adf2fa5b4d81d67820a8d990f7 ######
'
[06-Nov-2024 11:01:29 UTC]     The update for 'advanced-custom-fields-pro' has no fatal errors.
[06-Nov-2024 11:01:29 UTC]   Automatic plugin updates complete.
[06-Nov-2024 11:01:30 UTC] Automatic updates complete.
[06-Nov-2024 13:13:00 UTC] HireHop API response: {"success":true,"info":{"url":"https:\/\/myhirehop.com\/plugins\/_webshop\/save_job.php?key=","content_type":"application\/json; charset=utf-8","http_code":200,"header_size":556,"request_size":176,"filetime":-1,"ssl_verify_result":0,"redirect_count":0,"total_time":0.249996,"namelookup_time":0.061305,"connect_time":0.067017,"pretransfer_time":0.124064,"size_upload":328,"size_download":4966,"speed_download":19864,"speed_upload":1312,"download_content_length":4966,"upload_content_length":328,"starttransfer_time":0.124068,"redirect_time":0,"redirect_url":"","primary_ip":"3.163.24.64","certinfo":[],"primary_port":443,"local_ip":"172.31.29.239","local_port":53770,"http_version":3,"protocol":2,"ssl_verifyresult":0,"scheme":"HTTPS","appconnect_time_us":123994,"connect_time_us":67017,"namelookup_time_us":61305,"pretransfer_time_us":124064,"redirect_time_us":0,"starttransfer_time_us":124068,"total_time_us":249996,"effective_method":"POST"},"rt":"{\"ID\":\"12\",\"DEPOT\":\"Depot\",\"LATITUDE\":\"46.1697\",\"LONGITUDE\":\"-1.1516\",\"DEPOT_ID\":\"1\",\"root_depot_id\":\"1\",\"VIRTUAL_DEPOT_ID\":null,\"USER\":null,\"USER_NAME\":null,\"USER_EMAIL\":null,\"USER_JOB\":null,\"USER_TELEPHONE\":null,\"USER_IMAGE_ID\":null,\"USER2\":null,\"USER2_NAME\":null,\"USER2_EMAIL\":null,\"USER2_JOB\":null,\"USER2_TELEPHONE\":null,\"USER2_IMAGE_ID\":null,\"CREATE_USER\":\"2\",\"CREATED_BY\":\"HireHop\",\"CREATED_BY_EMAIL\":\"help@hirehop.com\",\"CREATED_BY_JOB\":\"\",\"CREATED_BY_TELEPHONE\":\"\",\"CREATED_BY_IMAGE_ID\":null,\"CREATE_DATE\":\"2024-11-06 13:13:00\",\"NAME\":\"John Doe\",\"COMPANY\":\"Doe Inc.\",\"JOB_DATE\":\"2024-12-01 00:00:00\",\"JOB_END\":null,\"OUT_DATE\":\"2024-11-06 13:13:00\",\"RETURN_DATE\":null,\"DURATION_DAYS\":\"1\",\"DURATION_HRS\":\"1\",\"DURATION_SCHEME\":\"7dayw\",\"PRICE_STRUCTURE\":\"7 day week\",\"STATUS\":0,\"ADDRESS\":\"123 Main St, 12345,\",\"TELEPHONE\":\"\",\"MOBILE\":\"1234567890\",\"EMAIL\":\"john.doe@example.com\",\"VENUE\":\"\",\"VENUE_ADDRESS\":\"123 Main St, 12345,\",\"VENUE_TELEPHONE\":\"\",\"JOB_TYPE\":\"\",\"CLIENT_REF\":\"\",\"COLOUR\":\"FFFFFF\",\"JOB_NAME\":\"Doe Inc. -\",\"DETAILS\":\"\",\"ACCOUNT_REFERENCE\":\"0\",\"CREDIT_PERIOD\":\"0\",\"CREDIT_LIMIT\":\"0\",\"ACCOUNT_SUSPENDED\":\"0\",\"SUSPENDED_NOTE\":\"\",\"CLIENT_ID\":\"0\",\"CLIENT_ASSIGN\":\"\",\"LOCKED\":\"0\",\"PRICE_GROUP\":\"0\",\"DEFAULT_DISCOUNT\":0,\"INV_ADDRESS\":\"\",\"INV_EMAIL\":\"\",\"CONTACT_CUSTOM_FIELDS\":[],\"NOTES\":\"0\",\"TASKS\":\"0\",\"FILES\":\"0\",\"ARCHIVES\":\"0\",\"PROJECT_NAME\":\"\",\"PROJECT_ID\":\"0\",\"POP_UP\":\"\",\"INTERNAL\":\"0\",\"INTERNAL_DEPOT\":null,\"INTERNAL_DEPOT_NAME\":null,\"SUB_ID\":null,\"SUB_TYPE\":null,\"SUB_MAIN_ID\":null,\"CALC_LATE_FEES\":\"0\",\"DELIVER\":\"0\",\"COLLECT\":\"0\",\"DO_PRIORITY\":\"0\",\"ALLOW_EARLY_RETURNS\":\"0\",\"CURRENCY\":{\"CODE\":\"EUR\",\"NAME\":\"Euro\",\"SYMBOL\":\"\\u20ac\",\"DECIMALS\":2,\"MULTIPLIER\":1,\"NEGATIVE_FORMAT\":1,\"SYMBOL_POSITION\":0,\"DECIMAL_SEPARATOR\":\".\",\"THOUSAND_SEPARATOR\":\",\"},\"ALL_RETURNED\":null,\"CUSTOM_FIELDS\":[],\"CUSTOM_INDEX\":null,\"ACC_PACKAGE_ID\":\"1\",\"USE_SALES_TAX\":\"0\",\"DEFAULT_SALES_TAX\":\"0.000000\",\"CLIENT_MEMO\":\"\",\"DELIVERIES\":\"0\",\"COLLECTIONS\":\"0\",\"standard_tax_rates\":[{\"1\":{\"RATE\":20,\"TYPE\":1,\"INDEX\":0,\"DESCRIPTION\":\"VAT\",\"USED_DEFAULT\":0},\"0\":{\"RATE\":20,\"TYPE\":0,\"INDEX\":0,\"DESCRIPTION\":\"VAT\",\"USED_DEFAULT\":0}},{\"1\":{\"RATE\":0,\"TYPE\":1,\"INDEX\":1,\"DESCRIPTION\":\"0%\",\"USED_DEFAULT\":0},\"0\":{\"RATE\":0,\"TYPE\":0,\"INDEX\":1,\"DESCRIPTION\":\"0%\",\"USED_DEFAULT\":0}}],\"DURATION_LOCKED\":0,\"fields\":[],\"multipliers\":[1,1,1,1,1,1,1,1],\"COLLECTION_FROM\":\"\",\"COLLECTION_ADDRESS\":\"\",\"COLLECTION_TELEPHONE\":\"\",\"USE_AT_FROM\":\"\",\"USE_AT_ADDRESS\":\"\",\"USE_AT_TELEPHONE\":\"\",\"items\":{\"error\":\"No items passed or bad items data\"}}{\"ID\":\"12\",\"DEPOT\":\"Depot\",\"LATITUDE\":\"46.1697\",\"LONGITUDE\":\"-1.1516\",\"DEPOT_ID\":\"1\",\"root_depot_id\":\"1\",\"VIRTUAL_DEPOT_ID\":null,\"USER\":null,\"USER_NAME\":null,\"USER_EMAIL\":null,\"USER_JOB\":null,\"USER_TELEPHONE\":null,\"USER_IMAGE_ID\":null,\"USER2\":null,\"USER2_NAME\":null,\"USER2_EMAIL\":null,\"USER2_JOB\":null,\"USER2_TELEPHONE\":null,\"USER2_IMAGE_ID\":null,\"CREATE_USER\":\"2\",\"CREATED_BY\":\"HireHop\",\"CREATED_BY_EMAIL\":\"help@hirehop.com\",\"CREATED_BY_JOB\":\"\",\"CREATED_BY_TELEPHONE\":\"\",\"CREATED_BY_IMAGE_ID\":null,\"CREATE_DATE\":\"2024-11-06 13:13:00\",\"NAME\":\"John Doe\",\"COMPANY\":\"Doe Inc.\",\"JOB_DATE\":\"2024-12-01 00:00:00\",\"JOB_END\":null,\"OUT_DATE\":\"2024-11-06 13:13:00\",\"RETURN_DATE\":null,\"DURATION_DAYS\":\"1\",\"DURATION_HRS\":\"1\",\"DURATION_SCHEME\":\"7dayw\",\"PRICE_STRUCTURE\":\"7 day week\",\"STATUS\":0,\"ADDRESS\":\"123 Main St, 12345,\",\"TELEPHONE\":\"\",\"MOBILE\":\"1234567890\",\"EMAIL\":\"john.doe@example.com\",\"VENUE\":\"\",\"VENUE_ADDRESS\":\"123 Main St, 12345,\",\"VENUE_TELEPHONE\":\"\",\"JOB_TYPE\":\"\",\"CLIENT_REF\":\"\",\"COLOUR\":\"FFFFFF\",\"JOB_NAME\":\"Doe Inc. -\",\"DETAILS\":\"\",\"ACCOUNT_REFERENCE\":\"0\",\"CREDIT_PERIOD\":\"0\",\"CREDIT_LIMIT\":\"0\",\"ACCOUNT_SUSPENDED\":\"0\",\"SUSPENDED_NOTE\":\"\",\"CLIENT_ID\":\"0\",\"CLIENT_ASSIGN\":\"\",\"LOCKED\":\"0\",\"PRICE_GROUP\":\"0\",\"DEFAULT_DISCOUNT\":0,\"INV_ADDRESS\":\"\",\"INV_EMAIL\":\"\",\"CONTACT_CUSTOM_FIELDS\":[],\"NOTES\":\"0\",\"TASKS\":\"0\",\"FILES\":\"0\",\"ARCHIVES\":\"0\",\"PROJECT_NAME\":\"\",\"PROJECT_ID\":\"0\",\"POP_UP\":\"\",\"INTERNAL\":\"0\",\"INTERNAL_DEPOT\":null,\"INTERNAL_DEPOT_NAME\":null,\"SUB_ID\":null,\"SUB_TYPE\":null,\"SUB_MAIN_ID\":null,\"CALC_LATE_FEES\":\"0\",\"DELIVER\":\"0\",\"COLLECT\":\"0\",\"DO_PRIORITY\":\"0\",\"ALLOW_EARLY_RETURNS\":\"0\",\"CURRENCY\":{\"CODE\":\"EUR\",\"NAME\":\"Euro\",\"SYMBOL\":\"\\u20ac\",\"DECIMALS\":2,\"MULTIPLIER\":1,\"NEGATIVE_FORMAT\":1,\"SYMBOL_POSITION\":0,\"DECIMAL_SEPARATOR\":\".\",\"THOUSAND_SEPARATOR\":\",\"},\"ALL_RETURNED\":null,\"CUSTOM_FIELDS\":[],\"CUSTOM_INDEX\":null,\"ACC_PACKAGE_ID\":\"1\",\"USE_SALES_TAX\":\"0\",\"DEFAULT_SALES_TAX\":\"0.000000\",\"CLIENT_MEMO\":\"\",\"DELIVERIES\":\"0\",\"COLLECTIONS\":\"0\",\"standard_tax_rates\":[{\"1\":{\"RATE\":20,\"TYPE\":1,\"INDEX\":0,\"DESCRIPTION\":\"VAT\",\"USED_DEFAULT\":0},\"0\":{\"RATE\":20,\"TYPE\":0,\"INDEX\":0,\"DESCRIPTION\":\"VAT\",\"USED_DEFAULT\":0}},{\"1\":{\"RATE\":0,\"TYPE\":1,\"INDEX\":1,\"DESCRIPTION\":\"0%\",\"USED_DEFAULT\":0},\"0\":{\"RATE\":0,\"TYPE\":0,\"INDEX\":1,\"DESCRIPTION\":\"0%\",\"USED_DEFAULT\":0}}],\"DURATION_LOCKED\":0,\"fields\":[],\"multipliers\":[1,1,1,1,1,1,1,1],\"COLLECTION_FROM\":\"\",\"COLLECTION_ADDRESS\":\"\",\"COLLECTION_TELEPHONE\":\"\",\"USE_AT_FROM\":\"\",\"USE_AT_ADDRESS\":\"\",\"USE_AT_TELEPHONE\":\"\"}"}
[06-Nov-2024 14:00:04 UTC] PHP Warning:  Attempt to read property "id" on array in /opt/lampp/htdocs/forevent-admin/wp-content/plugins/HireHop-webshop/product-list.php on line 62
[06-Nov-2024 14:00:04 UTC] PHP Warning:  Attempt to read property "api_key" on array in /opt/lampp/htdocs/forevent-admin/wp-content/plugins/HireHop-webshop/product-list.php on line 63
[06-Nov-2024 14:00:04 UTC] PHP Deprecated:  setcookie(): Passing null to parameter #2 ($value) of type string is deprecated in /opt/lampp/htdocs/forevent-admin/wp-content/plugins/HireHop-webshop/product-list.php on line 64
[06-Nov-2024 14:00:04 UTC] PHP Warning:  Undefined array key 0 in /opt/lampp/htdocs/forevent-admin/wp-content/plugins/HireHop-webshop/product-list.php on line 95
[06-Nov-2024 14:00:04 UTC] PHP Warning:  Attempt to read property "HEADING" on null in /opt/lampp/htdocs/forevent-admin/wp-content/plugins/HireHop-webshop/product-list.php on line 95
[06-Nov-2024 14:00:04 UTC] PHP Warning:  Object of class stdClass could not be converted to int in /opt/lampp/htdocs/forevent-admin/wp-includes/functions.php on line 5478
[06-Nov-2024 14:00:04 UTC] PHP Deprecated:  preg_replace(): Passing null to parameter #3 ($subject) of type array|string is deprecated in /opt/lampp/htdocs/forevent-admin/wp-includes/kses.php on line 1805
[06-Nov-2024 15:04:03 UTC] HireHop API response: {"success":true,"info":{"url":"https:\/\/myhirehop.com\/plugins\/_webshop\/save_job.php?key=","content_type":"application\/json; charset=utf-8","http_code":200,"header_size":554,"request_size":176,"filetime":-1,"ssl_verify_result":0,"redirect_count":0,"total_time":0.233488,"namelookup_time":0.038119,"connect_time":0.043828,"pretransfer_time":0.080146,"size_upload":367,"size_download":53,"speed_download":226,"speed_upload":1571,"download_content_length":53,"upload_content_length":367,"starttransfer_time":0.08015,"redirect_time":0,"redirect_url":"","primary_ip":"3.163.24.112","certinfo":[],"primary_port":443,"local_ip":"172.31.29.239","local_port":41376,"http_version":3,"protocol":2,"ssl_verifyresult":0,"scheme":"HTTPS","appconnect_time_us":79964,"connect_time_us":43828,"namelookup_time_us":38119,"pretransfer_time_us":80146,"redirect_time_us":0,"starttransfer_time_us":80150,"total_time_us":233488,"effective_method":"POST"},"rt":"{\"error\":\"Contact HireHop (billing_job_total) [753]\"}"}
[06-Nov-2024 15:54:49 UTC] HireHop API response: {"success":true,"info":{"url":"https:\/\/myhirehop.com\/plugins\/_webshop\/save_job.php?key=","content_type":"application\/json; charset=utf-8","http_code":200,"header_size":556,"request_size":176,"filetime":-1,"ssl_verify_result":0,"redirect_count":0,"total_time":0.245592,"namelookup_time":0.07543,"connect_time":0.081013,"pretransfer_time":0.134811,"size_upload":321,"size_download":4994,"speed_download":20334,"speed_upload":1307,"download_content_length":4994,"upload_content_length":321,"starttransfer_time":0.134815,"redirect_time":0,"redirect_url":"","primary_ip":"3.163.24.112","certinfo":[],"primary_port":443,"local_ip":"172.31.29.239","local_port":55160,"http_version":3,"protocol":2,"ssl_verifyresult":0,"scheme":"HTTPS","appconnect_time_us":134691,"connect_time_us":81013,"namelookup_time_us":75430,"pretransfer_time_us":134811,"redirect_time_us":0,"starttransfer_time_us":134815,"total_time_us":245592,"effective_method":"POST"},"rt":"{\"ID\":\"14\",\"DEPOT\":\"Depot\",\"LATITUDE\":\"46.1697\",\"LONGITUDE\":\"-1.1516\",\"DEPOT_ID\":\"1\",\"root_depot_id\":\"1\",\"VIRTUAL_DEPOT_ID\":null,\"USER\":null,\"USER_NAME\":null,\"USER_EMAIL\":null,\"USER_JOB\":null,\"USER_TELEPHONE\":null,\"USER_IMAGE_ID\":null,\"USER2\":null,\"USER2_NAME\":null,\"USER2_EMAIL\":null,\"USER2_JOB\":null,\"USER2_TELEPHONE\":null,\"USER2_IMAGE_ID\":null,\"CREATE_USER\":\"2\",\"CREATED_BY\":\"HireHop\",\"CREATED_BY_EMAIL\":\"help@hirehop.com\",\"CREATED_BY_JOB\":\"\",\"CREATED_BY_TELEPHONE\":\"\",\"CREATED_BY_IMAGE_ID\":null,\"CREATE_DATE\":\"2024-11-06 15:54:49\",\"NAME\":\"John Doe\",\"COMPANY\":\"Acme Corp\",\"JOB_DATE\":\"2024-11-06 15:54:49\",\"JOB_END\":null,\"OUT_DATE\":\"2024-11-06 15:54:49\",\"RETURN_DATE\":null,\"DURATION_DAYS\":\"1\",\"DURATION_HRS\":\"1\",\"DURATION_SCHEME\":\"7dayw\",\"PRICE_STRUCTURE\":\"7 day week\",\"STATUS\":0,\"ADDRESS\":\"123 Main St, Cityville,,\",\"TELEPHONE\":\"\",\"MOBILE\":\"987-654-3210\",\"EMAIL\":\"john.doe@example.com\",\"VENUE\":\"\",\"VENUE_ADDRESS\":\"123 Main St, Cityville,,\",\"VENUE_TELEPHONE\":\"\",\"JOB_TYPE\":\"\",\"CLIENT_REF\":\"\",\"COLOUR\":\"FFFFFF\",\"JOB_NAME\":\"Acme Corp -\",\"DETAILS\":\"\",\"ACCOUNT_REFERENCE\":\"0\",\"CREDIT_PERIOD\":\"0\",\"CREDIT_LIMIT\":\"0\",\"ACCOUNT_SUSPENDED\":\"0\",\"SUSPENDED_NOTE\":\"\",\"CLIENT_ID\":\"0\",\"CLIENT_ASSIGN\":\"\",\"LOCKED\":\"0\",\"PRICE_GROUP\":\"0\",\"DEFAULT_DISCOUNT\":0,\"INV_ADDRESS\":\"\",\"INV_EMAIL\":\"\",\"CONTACT_CUSTOM_FIELDS\":[],\"NOTES\":\"0\",\"TASKS\":\"0\",\"FILES\":\"0\",\"ARCHIVES\":\"0\",\"PROJECT_NAME\":\"\",\"PROJECT_ID\":\"0\",\"POP_UP\":\"\",\"INTERNAL\":\"0\",\"INTERNAL_DEPOT\":null,\"INTERNAL_DEPOT_NAME\":null,\"SUB_ID\":null,\"SUB_TYPE\":null,\"SUB_MAIN_ID\":null,\"CALC_LATE_FEES\":\"0\",\"DELIVER\":\"0\",\"COLLECT\":\"0\",\"DO_PRIORITY\":\"0\",\"ALLOW_EARLY_RETURNS\":\"0\",\"CURRENCY\":{\"CODE\":\"EUR\",\"NAME\":\"Euro\",\"SYMBOL\":\"\\u20ac\",\"DECIMALS\":2,\"MULTIPLIER\":1,\"NEGATIVE_FORMAT\":1,\"SYMBOL_POSITION\":0,\"DECIMAL_SEPARATOR\":\".\",\"THOUSAND_SEPARATOR\":\",\"},\"ALL_RETURNED\":null,\"CUSTOM_FIELDS\":[],\"CUSTOM_INDEX\":null,\"ACC_PACKAGE_ID\":\"1\",\"USE_SALES_TAX\":\"0\",\"DEFAULT_SALES_TAX\":\"0.000000\",\"CLIENT_MEMO\":\"\",\"DELIVERIES\":\"0\",\"COLLECTIONS\":\"0\",\"standard_tax_rates\":[{\"1\":{\"RATE\":20,\"TYPE\":1,\"INDEX\":0,\"DESCRIPTION\":\"VAT\",\"USED_DEFAULT\":0},\"0\":{\"RATE\":20,\"TYPE\":0,\"INDEX\":0,\"DESCRIPTION\":\"VAT\",\"USED_DEFAULT\":0}},{\"1\":{\"RATE\":0,\"TYPE\":1,\"INDEX\":1,\"DESCRIPTION\":\"0%\",\"USED_DEFAULT\":0},\"0\":{\"RATE\":0,\"TYPE\":0,\"INDEX\":1,\"DESCRIPTION\":\"0%\",\"USED_DEFAULT\":0}}],\"DURATION_LOCKED\":0,\"fields\":[],\"multipliers\":[1,1,1,1,1,1,1,1],\"COLLECTION_FROM\":\"\",\"COLLECTION_ADDRESS\":\"\",\"COLLECTION_TELEPHONE\":\"\",\"USE_AT_FROM\":\"\",\"USE_AT_ADDRESS\":\"\",\"USE_AT_TELEPHONE\":\"\",\"items\":{\"error\":\"No items passed or bad items data\"}}{\"ID\":\"14\",\"DEPOT\":\"Depot\",\"LATITUDE\":\"46.1697\",\"LONGITUDE\":\"-1.1516\",\"DEPOT_ID\":\"1\",\"root_depot_id\":\"1\",\"VIRTUAL_DEPOT_ID\":null,\"USER\":null,\"USER_NAME\":null,\"USER_EMAIL\":null,\"USER_JOB\":null,\"USER_TELEPHONE\":null,\"USER_IMAGE_ID\":null,\"USER2\":null,\"USER2_NAME\":null,\"USER2_EMAIL\":null,\"USER2_JOB\":null,\"USER2_TELEPHONE\":null,\"USER2_IMAGE_ID\":null,\"CREATE_USER\":\"2\",\"CREATED_BY\":\"HireHop\",\"CREATED_BY_EMAIL\":\"help@hirehop.com\",\"CREATED_BY_JOB\":\"\",\"CREATED_BY_TELEPHONE\":\"\",\"CREATED_BY_IMAGE_ID\":null,\"CREATE_DATE\":\"2024-11-06 15:54:49\",\"NAME\":\"John Doe\",\"COMPANY\":\"Acme Corp\",\"JOB_DATE\":\"2024-11-06 15:54:49\",\"JOB_END\":null,\"OUT_DATE\":\"2024-11-06 15:54:49\",\"RETURN_DATE\":null,\"DURATION_DAYS\":\"1\",\"DURATION_HRS\":\"1\",\"DURATION_SCHEME\":\"7dayw\",\"PRICE_STRUCTURE\":\"7 day week\",\"STATUS\":0,\"ADDRESS\":\"123 Main St, Cityville,,\",\"TELEPHONE\":\"\",\"MOBILE\":\"987-654-3210\",\"EMAIL\":\"john.doe@example.com\",\"VENUE\":\"\",\"VENUE_ADDRESS\":\"123 Main St, Cityville,,\",\"VENUE_TELEPHONE\":\"\",\"JOB_TYPE\":\"\",\"CLIENT_REF\":\"\",\"COLOUR\":\"FFFFFF\",\"JOB_NAME\":\"Acme Corp -\",\"DETAILS\":\"\",\"ACCOUNT_REFERENCE\":\"0\",\"CREDIT_PERIOD\":\"0\",\"CREDIT_LIMIT\":\"0\",\"ACCOUNT_SUSPENDED\":\"0\",\"SUSPENDED_NOTE\":\"\",\"CLIENT_ID\":\"0\",\"CLIENT_ASSIGN\":\"\",\"LOCKED\":\"0\",\"PRICE_GROUP\":\"0\",\"DEFAULT_DISCOUNT\":0,\"INV_ADDRESS\":\"\",\"INV_EMAIL\":\"\",\"CONTACT_CUSTOM_FIELDS\":[],\"NOTES\":\"0\",\"TASKS\":\"0\",\"FILES\":\"0\",\"ARCHIVES\":\"0\",\"PROJECT_NAME\":\"\",\"PROJECT_ID\":\"0\",\"POP_UP\":\"\",\"INTERNAL\":\"0\",\"INTERNAL_DEPOT\":null,\"INTERNAL_DEPOT_NAME\":null,\"SUB_ID\":null,\"SUB_TYPE\":null,\"SUB_MAIN_ID\":null,\"CALC_LATE_FEES\":\"0\",\"DELIVER\":\"0\",\"COLLECT\":\"0\",\"DO_PRIORITY\":\"0\",\"ALLOW_EARLY_RETURNS\":\"0\",\"CURRENCY\":{\"CODE\":\"EUR\",\"NAME\":\"Euro\",\"SYMBOL\":\"\\u20ac\",\"DECIMALS\":2,\"MULTIPLIER\":1,\"NEGATIVE_FORMAT\":1,\"SYMBOL_POSITION\":0,\"DECIMAL_SEPARATOR\":\".\",\"THOUSAND_SEPARATOR\":\",\"},\"ALL_RETURNED\":null,\"CUSTOM_FIELDS\":[],\"CUSTOM_INDEX\":null,\"ACC_PACKAGE_ID\":\"1\",\"USE_SALES_TAX\":\"0\",\"DEFAULT_SALES_TAX\":\"0.000000\",\"CLIENT_MEMO\":\"\",\"DELIVERIES\":\"0\",\"COLLECTIONS\":\"0\",\"standard_tax_rates\":[{\"1\":{\"RATE\":20,\"TYPE\":1,\"INDEX\":0,\"DESCRIPTION\":\"VAT\",\"USED_DEFAULT\":0},\"0\":{\"RATE\":20,\"TYPE\":0,\"INDEX\":0,\"DESCRIPTION\":\"VAT\",\"USED_DEFAULT\":0}},{\"1\":{\"RATE\":0,\"TYPE\":1,\"INDEX\":1,\"DESCRIPTION\":\"0%\",\"USED_DEFAULT\":0},\"0\":{\"RATE\":0,\"TYPE\":0,\"INDEX\":1,\"DESCRIPTION\":\"0%\",\"USED_DEFAULT\":0}}],\"DURATION_LOCKED\":0,\"fields\":[],\"multipliers\":[1,1,1,1,1,1,1,1],\"COLLECTION_FROM\":\"\",\"COLLECTION_ADDRESS\":\"\",\"COLLECTION_TELEPHONE\":\"\",\"USE_AT_FROM\":\"\",\"USE_AT_ADDRESS\":\"\",\"USE_AT_TELEPHONE\":\"\"}"}
[07-Nov-2024 01:09:34 UTC] Automatic updates starting...
[07-Nov-2024 01:09:35 UTC]   Automatic plugin updates starting...
[07-Nov-2024 01:09:35 UTC]     Upgrading plugin 'advanced-custom-fields-pro'...
[07-Nov-2024 01:09:35 UTC]     Plugin 'advanced-custom-fields-pro' has been upgraded.
[07-Nov-2024 01:09:37 UTC]     Scraping home page...
[07-Nov-2024 01:09:38 UTC] '###### wp_scraping_result_start:2b6321a3d321ec183a5c3360c9a46b9d ######
true
###### wp_scraping_result_end:2b6321a3d321ec183a5c3360c9a46b9d ######
'
[07-Nov-2024 01:09:38 UTC]     The update for 'advanced-custom-fields-pro' has no fatal errors.
[07-Nov-2024 01:09:38 UTC]   Automatic plugin updates complete.
[07-Nov-2024 01:09:39 UTC] Automatic updates complete.
